<?xml version="1.0" encoding="UTF-8"?>
<!-- Generated by org.testng.reporters.JUnitReportReporter -->
<testsuite hostname="PS-WIN-LP-462" failures="0" tests="1" name="MutliLangTests.HomePageTest" time="0.390" errors="0" timestamp="2023-11-24T17:42:19 IST" skipped="0">
  <testcase classname="MutliLangTests.HomePageTest" name="cartButtonLabelTest" time="0.390"/>
</testsuite> <!-- MutliLangTests.HomePageTest -->
