<?xml version="1.0" encoding="UTF-8"?>
<!-- Generated by org.testng.reporters.JUnitReportReporter -->
<testsuite hostname="PS-WIN-LP-462" failures="0" tests="2" name="MutliLangTests.HomePageTest" time="2.259" errors="0" timestamp="2023-11-23T18:50:01 IST" skipped="0">
  <testcase classname="MutliLangTests.HomePageTest" name="cartButtonLabelTest" time="0.388"/>
  <testcase classname="MutliLangTests.HomePageTest" name="searchMobileTest" time="1.871"/>
</testsuite> <!-- MutliLangTests.HomePageTest -->
