<?xml version="1.0" encoding="UTF-8"?>
<!-- Generated by org.testng.reporters.JUnitReportReporter -->
<testsuite hostname="PS-WIN-LP-462" failures="0" tests="1" name="MutliLangTests.SignInPageTest" time="0.835" errors="0" timestamp="2023-11-23T18:50:01 IST" skipped="0">
  <testcase classname="MutliLangTests.SignInPageTest" name="signInEmailLabelTest" time="0.835"/>
</testsuite> <!-- MutliLangTests.SignInPageTest -->
