<?xml version="1.0" encoding="UTF-8"?>
<testsuite xmlns:xsi="http://www.w3.org/2001/XMLSchema-instance" xsi:noNamespaceSchemaLocation="https://maven.apache.org/surefire/maven-surefire-plugin/xsd/surefire-test-report-3.0.xsd" version="3.0" name="TestSuite" time="10.215" tests="3" errors="0" skipped="0" failures="0">
  <properties>
    <property name="java.specification.version" value="16"/>
    <property name="sun.cpu.isalist" value="amd64"/>
    <property name="sun.jnu.encoding" value="Cp1252"/>
    <property name="java.class.path" value="E:\localization-testing-ui-automation-master\localization-testing-ui-automation-master\target\test-classes;E:\localization-testing-ui-automation-master\localization-testing-ui-automation-master\target\classes;C:\Users\komal.verma982\.m2\repository\org\seleniumhq\selenium\selenium-java\4.15.0\selenium-java-4.15.0.jar;C:\Users\komal.verma982\.m2\repository\org\seleniumhq\selenium\selenium-api\4.15.0\selenium-api-4.15.0.jar;C:\Users\komal.verma982\.m2\repository\org\seleniumhq\selenium\selenium-chrome-driver\4.15.0\selenium-chrome-driver-4.15.0.jar;C:\Users\komal.verma982\.m2\repository\com\google\auto\service\auto-service-annotations\1.1.1\auto-service-annotations-1.1.1.jar;C:\Users\komal.verma982\.m2\repository\org\seleniumhq\selenium\selenium-chromium-driver\4.15.0\selenium-chromium-driver-4.15.0.jar;C:\Users\komal.verma982\.m2\repository\org\seleniumhq\selenium\selenium-json\4.15.0\selenium-json-4.15.0.jar;C:\Users\komal.verma982\.m2\repository\org\seleniumhq\selenium\selenium-manager\4.15.0\selenium-manager-4.15.0.jar;C:\Users\komal.verma982\.m2\repository\org\seleniumhq\selenium\selenium-devtools-v117\4.15.0\selenium-devtools-v117-4.15.0.jar;C:\Users\komal.verma982\.m2\repository\org\seleniumhq\selenium\selenium-devtools-v118\4.15.0\selenium-devtools-v118-4.15.0.jar;C:\Users\komal.verma982\.m2\repository\org\seleniumhq\selenium\selenium-devtools-v119\4.15.0\selenium-devtools-v119-4.15.0.jar;C:\Users\komal.verma982\.m2\repository\org\seleniumhq\selenium\selenium-devtools-v85\4.15.0\selenium-devtools-v85-4.15.0.jar;C:\Users\komal.verma982\.m2\repository\org\seleniumhq\selenium\selenium-edge-driver\4.15.0\selenium-edge-driver-4.15.0.jar;C:\Users\komal.verma982\.m2\repository\org\seleniumhq\selenium\selenium-firefox-driver\4.15.0\selenium-firefox-driver-4.15.0.jar;C:\Users\komal.verma982\.m2\repository\org\seleniumhq\selenium\selenium-http\4.15.0\selenium-http-4.15.0.jar;C:\Users\komal.verma982\.m2\repository\dev\failsafe\failsafe\3.3.2\failsafe-3.3.2.jar;C:\Users\komal.verma982\.m2\repository\org\seleniumhq\selenium\selenium-ie-driver\4.15.0\selenium-ie-driver-4.15.0.jar;C:\Users\komal.verma982\.m2\repository\org\seleniumhq\selenium\selenium-remote-driver\4.15.0\selenium-remote-driver-4.15.0.jar;C:\Users\komal.verma982\.m2\repository\com\google\guava\guava\32.1.2-jre\guava-32.1.2-jre.jar;C:\Users\komal.verma982\.m2\repository\com\google\guava\failureaccess\1.0.1\failureaccess-1.0.1.jar;C:\Users\komal.verma982\.m2\repository\com\google\guava\listenablefuture\9999.0-empty-to-avoid-conflict-with-guava\listenablefuture-9999.0-empty-to-avoid-conflict-with-guava.jar;C:\Users\komal.verma982\.m2\repository\com\google\code\findbugs\jsr305\3.0.2\jsr305-3.0.2.jar;C:\Users\komal.verma982\.m2\repository\org\checkerframework\checker-qual\3.33.0\checker-qual-3.33.0.jar;C:\Users\komal.verma982\.m2\repository\com\google\errorprone\error_prone_annotations\2.18.0\error_prone_annotations-2.18.0.jar;C:\Users\komal.verma982\.m2\repository\com\google\j2objc\j2objc-annotations\2.8\j2objc-annotations-2.8.jar;C:\Users\komal.verma982\.m2\repository\io\opentelemetry\opentelemetry-api\1.28.0\opentelemetry-api-1.28.0.jar;C:\Users\komal.verma982\.m2\repository\io\opentelemetry\opentelemetry-context\1.28.0\opentelemetry-context-1.28.0.jar;C:\Users\komal.verma982\.m2\repository\io\opentelemetry\opentelemetry-exporter-logging\1.28.0\opentelemetry-exporter-logging-1.28.0.jar;C:\Users\komal.verma982\.m2\repository\io\opentelemetry\opentelemetry-sdk-metrics\1.28.0\opentelemetry-sdk-metrics-1.28.0.jar;C:\Users\komal.verma982\.m2\repository\io\opentelemetry\opentelemetry-extension-incubator\1.28.0-alpha\opentelemetry-extension-incubator-1.28.0-alpha.jar;C:\Users\komal.verma982\.m2\repository\io\opentelemetry\opentelemetry-sdk-logs\1.28.0\opentelemetry-sdk-logs-1.28.0.jar;C:\Users\komal.verma982\.m2\repository\io\opentelemetry\opentelemetry-sdk-common\1.28.0\opentelemetry-sdk-common-1.28.0.jar;C:\Users\komal.verma982\.m2\repository\io\opentelemetry\opentelemetry-sdk-extension-autoconfigure-spi\1.28.0\opentelemetry-sdk-extension-autoconfigure-spi-1.28.0.jar;C:\Users\komal.verma982\.m2\repository\io\opentelemetry\opentelemetry-sdk-extension-autoconfigure\1.28.0\opentelemetry-sdk-extension-autoconfigure-1.28.0.jar;C:\Users\komal.verma982\.m2\repository\io\opentelemetry\opentelemetry-api-events\1.28.0-alpha\opentelemetry-api-events-1.28.0-alpha.jar;C:\Users\komal.verma982\.m2\repository\io\opentelemetry\opentelemetry-sdk-trace\1.28.0\opentelemetry-sdk-trace-1.28.0.jar;C:\Users\komal.verma982\.m2\repository\io\opentelemetry\opentelemetry-sdk\1.28.0\opentelemetry-sdk-1.28.0.jar;C:\Users\komal.verma982\.m2\repository\io\opentelemetry\opentelemetry-semconv\1.28.0-alpha\opentelemetry-semconv-1.28.0-alpha.jar;C:\Users\komal.verma982\.m2\repository\net\bytebuddy\byte-buddy\1.14.5\byte-buddy-1.14.5.jar;C:\Users\komal.verma982\.m2\repository\org\seleniumhq\selenium\selenium-os\4.15.0\selenium-os-4.15.0.jar;C:\Users\komal.verma982\.m2\repository\org\apache\commons\commons-exec\1.3\commons-exec-1.3.jar;C:\Users\komal.verma982\.m2\repository\org\seleniumhq\selenium\selenium-safari-driver\4.15.0\selenium-safari-driver-4.15.0.jar;C:\Users\komal.verma982\.m2\repository\org\seleniumhq\selenium\selenium-support\4.15.0\selenium-support-4.15.0.jar;C:\Users\komal.verma982\.m2\repository\org\apache\commons\commons-text\1.11.0\commons-text-1.11.0.jar;C:\Users\komal.verma982\.m2\repository\org\apache\commons\commons-lang3\3.13.0\commons-lang3-3.13.0.jar;C:\Users\komal.verma982\.m2\repository\org\apache\directory\studio\org.apache.commons.io\2.4\org.apache.commons.io-2.4.jar;C:\Users\komal.verma982\.m2\repository\commons-io\commons-io\2.4\commons-io-2.4.jar;C:\Users\komal.verma982\.m2\repository\org\testng\testng\7.8.0\testng-7.8.0.jar;C:\Users\komal.verma982\.m2\repository\org\slf4j\slf4j-api\1.7.36\slf4j-api-1.7.36.jar;C:\Users\komal.verma982\.m2\repository\com\beust\jcommander\1.82\jcommander-1.82.jar;C:\Users\komal.verma982\.m2\repository\org\webjars\jquery\3.6.1\jquery-3.6.1.jar;C:\Users\komal.verma982\.m2\repository\org\apache\logging\log4j\log4j-api\2.22.0\log4j-api-2.22.0.jar;C:\Users\komal.verma982\.m2\repository\org\apache\logging\log4j\log4j-core\2.22.0\log4j-core-2.22.0.jar;C:\Users\komal.verma982\.m2\repository\com\aventstack\extentreports\5.1.1\extentreports-5.1.1.jar;C:\Users\komal.verma982\.m2\repository\io\reactivex\rxjava3\rxjava\3.1.6\rxjava-3.1.6.jar;C:\Users\komal.verma982\.m2\repository\org\reactivestreams\reactive-streams\1.0.4\reactive-streams-1.0.4.jar;C:\Users\komal.verma982\.m2\repository\org\freemarker\freemarker\2.3.32\freemarker-2.3.32.jar;C:\Users\komal.verma982\.m2\repository\org\projectlombok\lombok\1.18.26\lombok-1.18.26.jar;C:\Users\komal.verma982\.m2\repository\com\google\code\gson\gson\2.10.1\gson-2.10.1.jar;C:\Users\komal.verma982\.m2\repository\org\slf4j\slf4j-simple\2.0.9\slf4j-simple-2.0.9.jar;"/>
    <property name="language" value="english"/>
    <property name="java.vm.vendor" value="Oracle Corporation"/>
    <property name="sun.arch.data.model" value="64"/>
    <property name="user.variant" value=""/>
    <property name="java.vendor.url" value="https://java.oracle.com/"/>
    <property name="user.timezone" value="Asia/Calcutta"/>
    <property name="os.name" value="Windows 10"/>
    <property name="java.vm.specification.version" value="16"/>
    <property name="sun.java.launcher" value="SUN_STANDARD"/>
    <property name="user.country" value="AU"/>
    <property name="sun.boot.library.path" value="C:\Users\komal.verma982\.p2\pool\plugins\org.eclipse.justj.openjdk.hotspot.jre.full.win32.x86_64_16.0.1.v20210528-1205\jre\bin"/>
    <property name="sun.java.command" value="C:\Users\komal.verma982\AppData\Local\Temp\surefire4965097094639232169\surefirebooter-20231123184950645_3.jar C:\Users\komal.verma982\AppData\Local\Temp\surefire4965097094639232169 2023-11-23T18-49-50_523-jvmRun1 surefire-20231123184950645_1tmp surefire_0-20231123184950645_2tmp"/>
    <property name="jdk.debug" value="release"/>
    <property name="surefire.test.class.path" value="E:\localization-testing-ui-automation-master\localization-testing-ui-automation-master\target\test-classes;E:\localization-testing-ui-automation-master\localization-testing-ui-automation-master\target\classes;C:\Users\komal.verma982\.m2\repository\org\seleniumhq\selenium\selenium-java\4.15.0\selenium-java-4.15.0.jar;C:\Users\komal.verma982\.m2\repository\org\seleniumhq\selenium\selenium-api\4.15.0\selenium-api-4.15.0.jar;C:\Users\komal.verma982\.m2\repository\org\seleniumhq\selenium\selenium-chrome-driver\4.15.0\selenium-chrome-driver-4.15.0.jar;C:\Users\komal.verma982\.m2\repository\com\google\auto\service\auto-service-annotations\1.1.1\auto-service-annotations-1.1.1.jar;C:\Users\komal.verma982\.m2\repository\org\seleniumhq\selenium\selenium-chromium-driver\4.15.0\selenium-chromium-driver-4.15.0.jar;C:\Users\komal.verma982\.m2\repository\org\seleniumhq\selenium\selenium-json\4.15.0\selenium-json-4.15.0.jar;C:\Users\komal.verma982\.m2\repository\org\seleniumhq\selenium\selenium-manager\4.15.0\selenium-manager-4.15.0.jar;C:\Users\komal.verma982\.m2\repository\org\seleniumhq\selenium\selenium-devtools-v117\4.15.0\selenium-devtools-v117-4.15.0.jar;C:\Users\komal.verma982\.m2\repository\org\seleniumhq\selenium\selenium-devtools-v118\4.15.0\selenium-devtools-v118-4.15.0.jar;C:\Users\komal.verma982\.m2\repository\org\seleniumhq\selenium\selenium-devtools-v119\4.15.0\selenium-devtools-v119-4.15.0.jar;C:\Users\komal.verma982\.m2\repository\org\seleniumhq\selenium\selenium-devtools-v85\4.15.0\selenium-devtools-v85-4.15.0.jar;C:\Users\komal.verma982\.m2\repository\org\seleniumhq\selenium\selenium-edge-driver\4.15.0\selenium-edge-driver-4.15.0.jar;C:\Users\komal.verma982\.m2\repository\org\seleniumhq\selenium\selenium-firefox-driver\4.15.0\selenium-firefox-driver-4.15.0.jar;C:\Users\komal.verma982\.m2\repository\org\seleniumhq\selenium\selenium-http\4.15.0\selenium-http-4.15.0.jar;C:\Users\komal.verma982\.m2\repository\dev\failsafe\failsafe\3.3.2\failsafe-3.3.2.jar;C:\Users\komal.verma982\.m2\repository\org\seleniumhq\selenium\selenium-ie-driver\4.15.0\selenium-ie-driver-4.15.0.jar;C:\Users\komal.verma982\.m2\repository\org\seleniumhq\selenium\selenium-remote-driver\4.15.0\selenium-remote-driver-4.15.0.jar;C:\Users\komal.verma982\.m2\repository\com\google\guava\guava\32.1.2-jre\guava-32.1.2-jre.jar;C:\Users\komal.verma982\.m2\repository\com\google\guava\failureaccess\1.0.1\failureaccess-1.0.1.jar;C:\Users\komal.verma982\.m2\repository\com\google\guava\listenablefuture\9999.0-empty-to-avoid-conflict-with-guava\listenablefuture-9999.0-empty-to-avoid-conflict-with-guava.jar;C:\Users\komal.verma982\.m2\repository\com\google\code\findbugs\jsr305\3.0.2\jsr305-3.0.2.jar;C:\Users\komal.verma982\.m2\repository\org\checkerframework\checker-qual\3.33.0\checker-qual-3.33.0.jar;C:\Users\komal.verma982\.m2\repository\com\google\errorprone\error_prone_annotations\2.18.0\error_prone_annotations-2.18.0.jar;C:\Users\komal.verma982\.m2\repository\com\google\j2objc\j2objc-annotations\2.8\j2objc-annotations-2.8.jar;C:\Users\komal.verma982\.m2\repository\io\opentelemetry\opentelemetry-api\1.28.0\opentelemetry-api-1.28.0.jar;C:\Users\komal.verma982\.m2\repository\io\opentelemetry\opentelemetry-context\1.28.0\opentelemetry-context-1.28.0.jar;C:\Users\komal.verma982\.m2\repository\io\opentelemetry\opentelemetry-exporter-logging\1.28.0\opentelemetry-exporter-logging-1.28.0.jar;C:\Users\komal.verma982\.m2\repository\io\opentelemetry\opentelemetry-sdk-metrics\1.28.0\opentelemetry-sdk-metrics-1.28.0.jar;C:\Users\komal.verma982\.m2\repository\io\opentelemetry\opentelemetry-extension-incubator\1.28.0-alpha\opentelemetry-extension-incubator-1.28.0-alpha.jar;C:\Users\komal.verma982\.m2\repository\io\opentelemetry\opentelemetry-sdk-logs\1.28.0\opentelemetry-sdk-logs-1.28.0.jar;C:\Users\komal.verma982\.m2\repository\io\opentelemetry\opentelemetry-sdk-common\1.28.0\opentelemetry-sdk-common-1.28.0.jar;C:\Users\komal.verma982\.m2\repository\io\opentelemetry\opentelemetry-sdk-extension-autoconfigure-spi\1.28.0\opentelemetry-sdk-extension-autoconfigure-spi-1.28.0.jar;C:\Users\komal.verma982\.m2\repository\io\opentelemetry\opentelemetry-sdk-extension-autoconfigure\1.28.0\opentelemetry-sdk-extension-autoconfigure-1.28.0.jar;C:\Users\komal.verma982\.m2\repository\io\opentelemetry\opentelemetry-api-events\1.28.0-alpha\opentelemetry-api-events-1.28.0-alpha.jar;C:\Users\komal.verma982\.m2\repository\io\opentelemetry\opentelemetry-sdk-trace\1.28.0\opentelemetry-sdk-trace-1.28.0.jar;C:\Users\komal.verma982\.m2\repository\io\opentelemetry\opentelemetry-sdk\1.28.0\opentelemetry-sdk-1.28.0.jar;C:\Users\komal.verma982\.m2\repository\io\opentelemetry\opentelemetry-semconv\1.28.0-alpha\opentelemetry-semconv-1.28.0-alpha.jar;C:\Users\komal.verma982\.m2\repository\net\bytebuddy\byte-buddy\1.14.5\byte-buddy-1.14.5.jar;C:\Users\komal.verma982\.m2\repository\org\seleniumhq\selenium\selenium-os\4.15.0\selenium-os-4.15.0.jar;C:\Users\komal.verma982\.m2\repository\org\apache\commons\commons-exec\1.3\commons-exec-1.3.jar;C:\Users\komal.verma982\.m2\repository\org\seleniumhq\selenium\selenium-safari-driver\4.15.0\selenium-safari-driver-4.15.0.jar;C:\Users\komal.verma982\.m2\repository\org\seleniumhq\selenium\selenium-support\4.15.0\selenium-support-4.15.0.jar;C:\Users\komal.verma982\.m2\repository\org\apache\commons\commons-text\1.11.0\commons-text-1.11.0.jar;C:\Users\komal.verma982\.m2\repository\org\apache\commons\commons-lang3\3.13.0\commons-lang3-3.13.0.jar;C:\Users\komal.verma982\.m2\repository\org\apache\directory\studio\org.apache.commons.io\2.4\org.apache.commons.io-2.4.jar;C:\Users\komal.verma982\.m2\repository\commons-io\commons-io\2.4\commons-io-2.4.jar;C:\Users\komal.verma982\.m2\repository\org\testng\testng\7.8.0\testng-7.8.0.jar;C:\Users\komal.verma982\.m2\repository\org\slf4j\slf4j-api\1.7.36\slf4j-api-1.7.36.jar;C:\Users\komal.verma982\.m2\repository\com\beust\jcommander\1.82\jcommander-1.82.jar;C:\Users\komal.verma982\.m2\repository\org\webjars\jquery\3.6.1\jquery-3.6.1.jar;C:\Users\komal.verma982\.m2\repository\org\apache\logging\log4j\log4j-api\2.22.0\log4j-api-2.22.0.jar;C:\Users\komal.verma982\.m2\repository\org\apache\logging\log4j\log4j-core\2.22.0\log4j-core-2.22.0.jar;C:\Users\komal.verma982\.m2\repository\com\aventstack\extentreports\5.1.1\extentreports-5.1.1.jar;C:\Users\komal.verma982\.m2\repository\io\reactivex\rxjava3\rxjava\3.1.6\rxjava-3.1.6.jar;C:\Users\komal.verma982\.m2\repository\org\reactivestreams\reactive-streams\1.0.4\reactive-streams-1.0.4.jar;C:\Users\komal.verma982\.m2\repository\org\freemarker\freemarker\2.3.32\freemarker-2.3.32.jar;C:\Users\komal.verma982\.m2\repository\org\projectlombok\lombok\1.18.26\lombok-1.18.26.jar;C:\Users\komal.verma982\.m2\repository\com\google\code\gson\gson\2.10.1\gson-2.10.1.jar;C:\Users\komal.verma982\.m2\repository\org\slf4j\slf4j-simple\2.0.9\slf4j-simple-2.0.9.jar;"/>
    <property name="sun.cpu.endian" value="little"/>
    <property name="user.home" value="C:\Users\komal.verma982"/>
    <property name="user.language" value="en"/>
    <property name="java.specification.vendor" value="Oracle Corporation"/>
    <property name="java.version.date" value="2021-04-20"/>
    <property name="languageCode" value="en"/>
    <property name="java.home" value="C:\Users\komal.verma982\.p2\pool\plugins\org.eclipse.justj.openjdk.hotspot.jre.full.win32.x86_64_16.0.1.v20210528-1205\jre"/>
    <property name="file.separator" value="\"/>
    <property name="basedir" value="E:\localization-testing-ui-automation-master\localization-testing-ui-automation-master"/>
    <property name="java.vm.compressedOopsMode" value="Zero based"/>
    <property name="line.separator" value="&#10;"/>
    <property name="java.vm.specification.vendor" value="Oracle Corporation"/>
    <property name="java.specification.name" value="Java Platform API Specification"/>
    <property name="surefire.real.class.path" value="C:\Users\komal.verma982\AppData\Local\Temp\surefire4965097094639232169\surefirebooter-20231123184950645_3.jar"/>
    <property name="user.script" value=""/>
    <property name="sun.management.compiler" value="HotSpot 64-Bit Tiered Compilers"/>
    <property name="java.runtime.version" value="16.0.1+9-24"/>
    <property name="user.name" value="komal.verma982"/>
    <property name="path.separator" value=";"/>
    <property name="os.version" value="10.0"/>
    <property name="java.runtime.name" value="OpenJDK Runtime Environment"/>
    <property name="file.encoding" value="UTF-8"/>
    <property name="logFileName" value="LogFile_23-11-2023_18-49-51"/>
    <property name="java.vm.name" value="OpenJDK 64-Bit Server VM"/>
    <property name="localRepository" value="C:\Users\komal.verma982\.m2\repository"/>
    <property name="java.vendor.url.bug" value="https://bugreport.java.com/bugreport/"/>
    <property name="java.io.tmpdir" value="C:\Users\KOMAL~1.VER\AppData\Local\Temp\"/>
    <property name="java.version" value="16.0.1"/>
    <property name="user.dir" value="E:\localization-testing-ui-automation-master\localization-testing-ui-automation-master"/>
    <property name="os.arch" value="amd64"/>
    <property name="java.vm.specification.name" value="Java Virtual Machine Specification"/>
    <property name="sun.os.patch.level" value=""/>
    <property name="java.library.path" value="C:\Users\komal.verma982\.p2\pool\plugins\org.eclipse.justj.openjdk.hotspot.jre.full.win32.x86_64_16.0.1.v20210528-1205\jre\bin;C:\Windows\Sun\Java\bin;C:\Windows\system32;C:\Windows;C:/Users/komal.verma982/.p2/pool/plugins/org.eclipse.justj.openjdk.hotspot.jre.full.win32.x86_64_16.0.1.v20210528-1205/jre/bin/server;C:/Users/komal.verma982/.p2/pool/plugins/org.eclipse.justj.openjdk.hotspot.jre.full.win32.x86_64_16.0.1.v20210528-1205/jre/bin;C:\Python311\Scripts\;C:\Python311\;C:\Python310\Scripts\;C:\Python310\;C:\Windows\system32;C:\Windows;C:\Windows\System32\Wbem;C:\Windows\System32\WindowsPowerShell\v1.0;C:\Windows\System32\OpenSSH;C:\Program Files\TortoiseSVN\bin;C:\Program Files\dotnet;C:\Program Files\Microsoft SQL Server\130\Tools\Binn;C:\Program Files\Java\jdk-14.0.2\bin;C:\Program Files\nodejs;C:\Users\komal.verma982\AppData\Local\Android\Sdk\tools\bin;C:\Users\komal.verma982\AppData\Local\Android\Sdk\tools;C:\Users\komal.verma982\AppData\Local\Android\Sdk\platform-tools;C:\Program Files\nodejs\node_modules\npm\bin;C:\Program Files\apache-maven-3.9.1-bin\apache-maven-3.9.1\bin;C:\strawberry\c\bin;C:\strawberry\perl\bin;c:\program files\workshare\modules;C:\Program Files\Workshare\Compare For PowerPoint\;C:\Program Files\dotnet\;C:\ProgramData\chocolatey\bin;D:\geckodriver.exe;C:\Program Files (x86)\GitExtensions\;C:\Program Files\Microsoft SQL Server\Client SDK\ODBC\130\Tools\Binn\;C:\Program Files (x86)\Microsoft SQL Server\130\Tools\Binn\;C:\Program Files\Microsoft SQL Server\130\Tools\Binn\;C:\Program Files\Microsoft SQL Server\130\DTS\Binn\;C:\Program Files\Git\cmd;C:\Program Files\nodejs\;C:\Program Files (x86)\Microsoft SQL Server\140\Tools\Binn\;C:\Program Files\Microsoft SQL Server\140\Tools\Binn\;C:\Program Files\Microsoft SQL Server\140\DTS\Binn\;C:\Program Files (x86)\Microsoft SQL Server\160\DTS\Binn\;C:\Program Files\Azure Data Studio\bin;C:\Program Files\TortoiseGit\bin;E:\OpenJDK\jdk-21.0.1\bin;C:\Users\komal.verma982\AppData\Local\Microsoft\WindowsApps;C:\Users\komal.verma982\AppData\Roaming\npm;C:\Users\komal.verma982\AppData\Local\Programs\Microsoft VS Code\bin;C:\Program Files\Azure Data Studio\bin;C:\Users\komal.verma982\Desktop;;."/>
    <property name="java.vm.info" value="mixed mode"/>
    <property name="java.vendor" value="Oracle Corporation"/>
    <property name="java.vm.version" value="16.0.1+9-24"/>
    <property name="propertyName" value=""/>
    <property name="logFilePath" value="Logs"/>
    <property name="sun.io.unicode.encoding" value="UnicodeLittle"/>
    <property name="java.class.version" value="60.0"/>
  </properties>
  <testcase name="cartButtonLabelTest" classname="MutliLangTests.HomePageTest" time="0.191">
    <system-out><![CDATA[Log Initialized
18:49:51.927 INFO  - Step-1 [[DriverFactory:initDriver]] - Browser Name is : [chrome]
18:49:53.696 INFO  - Step-2 [[Base Test:initializationBeforeSuite]] - Initalized log, report, browser instance
18:49:53.702 INFO  - Step-3 [[LanguageFileReader:initLangFile]] - Language Name is : [english]
18:49:53.703 INFO  - Step-4 [[LanguageFileReader:initLangFile]] - Language File is Initialized
18:49:57.565 INFO  - Step-5 [[DriverFactory:launchApplication]] - Application is launched
18:49:57.566 INFO  - Step-6 [[Base Test:setupBeforeTest]] - Property file loaded
18:49:57.614 INFO  - Step-1 [[HomePageTest:cartButtonLabelTest]] - Test Case 1: STARTED
18:49:57.641 INFO  - Step-2 [[UnicodeConverter:UnicodeToStringConverter]] - Unicode [\u0043\u0061\u0072\u0074] Converted to String [Cart]
18:49:57.805 INFO  - Step-3 [[HomePage:verifyCartBtnExist]] - Verify actual cart name: [Cart] with expected cart name: [Cart] is present
]]></system-out>
    <system-err><![CDATA[SLF4J: Failed to load class "org.slf4j.impl.StaticLoggerBinder".
SLF4J: Defaulting to no-operation (NOP) logger implementation
SLF4J: See http://www.slf4j.org/codes.html#StaticLoggerBinder for further details.
]]></system-err>
  </testcase>
  <testcase name="searchMobileTest" classname="MutliLangTests.HomePageTest" time="1.776">
    <system-out><![CDATA[18:49:58.003 INFO  - Step-4 [[Base Test:addTestResult]] - Test Case FINISHED
18:49:58.006 INFO  - Step-1 [[HomePageTest:searchMobileTest]] - Test Case 2: STARTED
18:49:59.653 INFO  - Step-2 [[HomePage:searchMobiles]] - Enter Mobile and Search
18:49:59.656 INFO  - Step-3 [[UnicodeConverter:UnicodeToStringConverter]] - Unicode [\u0052\u0065\u0073\u0075\u006c\u0074\u0073] Converted to String [Results]
18:49:59.786 INFO  - Step-4 [[HomePage:verifyResultLabel]] - Verify actual result text: [Results] with expected result text: [Results] is present
]]></system-out>
  </testcase>
  <testcase name="signInEmailLabelTest" classname="MutliLangTests.SignInPageTest" time="0.746">
    <system-out><![CDATA[18:49:59.878 INFO  - Step-5 [[Base Test:addTestResult]] - Test Case FINISHED
18:49:59.882 INFO  - Step-1 [[SignInPageTest:signInEmailLabelTest]] - Test Case 3: STARTED
18:50:00.569 INFO  - Step-2 [[SignInPage:clickSignInBtn]] - Clicked on Sign In Button
18:50:00.571 INFO  - Step-3 [[UnicodeConverter:UnicodeToStringConverter]] - Unicode [\u0045\u006d\u0061\u0069\u006c\u0020\u006f\u0072\u0020\u006d\u006f\u0062\u0069\u006c\u0065\u0020\u0070\u0068\u006f\u006e\u0065\u0020\u006e\u0075\u006d\u0062\u0065\u0072] Converted to String [Email or mobile phone number]
18:50:00.632 INFO  - Step-4 [[SignInPage:verifyEmailIdLabel]] - Verify actual email text: [Email or mobile phone number] with expected email text: [Email or mobile phone number] is present
]]></system-out>
  </testcase>
</testsuite>